<?xml version="1.0" encoding="UTF-8"?>
<testsuite name="com.webshop.tests.LoginTests" tests="2" skipped="0" failures="0" errors="0" timestamp="2025-04-23T14:43:22" hostname="MacBook-Pro" time="4.264">
  <properties/>
  <testcase name="loginNegativeWithoutEmailTest" classname="com.webshop.tests.LoginTests" time="1.254"/>
  <testcase name="loginPositiveTest" classname="com.webshop.tests.LoginTests" time="2.993"/>
  <system-out><![CDATA[]]></system-out>
  <system-err><![CDATA[]]></system-err>
</testsuite>
